(MainThread) 221105_21:06:36.771 ERROR GT_01_GetHLCS_15m_5m_1m_v2.py:1210 now is 2022-11-05 21:06:36.771164
(MainThread) 221105_21:06:38.086 ERROR GT_01_GetHLCS_15m_5m_1m_v2.py:1266 serverVersion:157 connectionTime:b'20221105 21:06:37 CET'
(MainThread) 221105_21:06:38.087 ERROR GT_01_GetHLCS_15m_5m_1m_v2.py:1272 Avant creation thread...
(MainThread) 221105_21:06:38.087 ERROR GT_01_GetHLCS_15m_5m_1m_v2.py:1274 Après creation thread...
(MainThread) 221105_21:06:38.088 ERROR GT_01_GetHLCS_15m_5m_1m_v2.py:1276 Après start thread...
(MainThread) 221105_21:06:38.088 ERROR GT_01_GetHLCS_15m_5m_1m_v2.py:1279 Dans start...
(MainThread) 221105_21:06:38.089 ERROR GT_01_GetHLCS_15m_5m_1m_v2.py:1353 Appel requete reqHistoricalData 15 mins...NASDAQ-miniIdReq=2
(MainThread) 221105_21:06:38.091 ERROR GT_01_GetHLCS_15m_5m_1m_v2.py:1363 Appel requete reqHistoricalData 5 mins...NASDAQ-miniIdReq=3
(Thread-2 (run_loop)) 221105_21:06:38.095 ERROR wrapper.py:56 ERROR 2 2174 Avertissement: You submitted request with date-time attributes without explicit time zone. Please switch to use yyyymmdd-hh:mm:ss in UTC or use instrument time zone, like US/Eastern. Implied time zone functionality will be removed in the next API release
(Thread-2 (run_loop)) 221105_21:06:38.099 ERROR wrapper.py:56 ERROR -1 2104 La connexion de données de marché est OK:eufarm
(Thread-2 (run_loop)) 221105_21:06:38.100 ERROR wrapper.py:56 ERROR -1 2104 La connexion de données de marché est OK:eufarmnj
(MainThread) 221105_21:06:38.101 ERROR GT_01_GetHLCS_15m_5m_1m_v2.py:1376 Appel requete reqHistoricalData 1 min...NASDAQ-miniIdReq=4
(Thread-2 (run_loop)) 221105_21:06:38.102 ERROR wrapper.py:56 ERROR -1 2106 La connexion de données HMDS est OK:euhmds
(MainThread) 221105_21:06:38.111 ERROR GT_01_GetHLCS_15m_5m_1m_v2.py:1353 Appel requete reqHistoricalData 15 mins...NASDAQ-miniIdReq=6
(Thread-2 (run_loop)) 221105_21:06:38.111 ERROR wrapper.py:56 ERROR -1 2106 La connexion de données HMDS est OK:fundfarm
(MainThread) 221105_21:06:38.119 ERROR GT_01_GetHLCS_15m_5m_1m_v2.py:1363 Appel requete reqHistoricalData 5 mins...NASDAQ-miniIdReq=7
(Thread-2 (run_loop)) 221105_21:06:38.129 ERROR wrapper.py:56 ERROR -1 2106 La connexion de données HMDS est OK:ushmds
(Thread-2 (run_loop)) 221105_21:06:38.139 ERROR wrapper.py:56 ERROR -1 2158 La connexion de la batterie de serveurs Sec-def est OK:secdefeu
(MainThread) 221105_21:06:38.143 ERROR GT_01_GetHLCS_15m_5m_1m_v2.py:1376 Appel requete reqHistoricalData 1 min...NASDAQ-miniIdReq=8
(MainThread) 221105_21:06:38.147 ERROR GT_01_GetHLCS_15m_5m_1m_v2.py:1353 Appel requete reqHistoricalData 15 mins...DOW-miniIdReq=10
(MainThread) 221105_21:06:38.150 ERROR GT_01_GetHLCS_15m_5m_1m_v2.py:1363 Appel requete reqHistoricalData 5 mins...DOW-miniIdReq=11
(MainThread) 221105_21:06:38.156 ERROR GT_01_GetHLCS_15m_5m_1m_v2.py:1376 Appel requete reqHistoricalData 1 min...DOW-miniIdReq=12
(MainThread) 221105_21:06:38.160 ERROR GT_01_GetHLCS_15m_5m_1m_v2.py:1353 Appel requete reqHistoricalData 15 mins...DOW-miniIdReq=14
(MainThread) 221105_21:06:38.163 ERROR GT_01_GetHLCS_15m_5m_1m_v2.py:1363 Appel requete reqHistoricalData 5 mins...DOW-miniIdReq=15
(MainThread) 221105_21:06:38.170 ERROR GT_01_GetHLCS_15m_5m_1m_v2.py:1376 Appel requete reqHistoricalData 1 min...DOW-miniIdReq=16
(MainThread) 221105_21:06:38.174 ERROR GT_01_GetHLCS_15m_5m_1m_v2.py:1353 Appel requete reqHistoricalData 15 mins...DAX-miniIdReq=18
(MainThread) 221105_21:06:38.177 ERROR GT_01_GetHLCS_15m_5m_1m_v2.py:1363 Appel requete reqHistoricalData 5 mins...DAX-miniIdReq=19
(MainThread) 221105_21:06:38.183 ERROR GT_01_GetHLCS_15m_5m_1m_v2.py:1376 Appel requete reqHistoricalData 1 min...DAX-miniIdReq=20
(MainThread) 221105_21:06:38.186 ERROR GT_01_GetHLCS_15m_5m_1m_v2.py:1353 Appel requete reqHistoricalData 15 mins...DAX-miniIdReq=22
(MainThread) 221105_21:06:38.189 ERROR GT_01_GetHLCS_15m_5m_1m_v2.py:1363 Appel requete reqHistoricalData 5 mins...DAX-miniIdReq=23
(MainThread) 221105_21:06:38.197 ERROR GT_01_GetHLCS_15m_5m_1m_v2.py:1376 Appel requete reqHistoricalData 1 min...DAX-miniIdReq=24
(MainThread) 221105_21:06:38.200 ERROR GT_01_GetHLCS_15m_5m_1m_v2.py:1397 Après lancement thread ib...
