(MainThread) 221105_21:14:00.784 ERROR GT_01_GetHLCS_15m_5m_1m_v2.py:1210 now is 2022-11-05 21:14:00.784666
(MainThread) 221105_21:14:02.097 ERROR GT_01_GetHLCS_15m_5m_1m_v2.py:1266 serverVersion:157 connectionTime:b'20221105 21:14:01 CET'
(MainThread) 221105_21:14:02.098 ERROR GT_01_GetHLCS_15m_5m_1m_v2.py:1272 Avant creation thread...
(MainThread) 221105_21:14:02.098 ERROR GT_01_GetHLCS_15m_5m_1m_v2.py:1274 Après creation thread...
(MainThread) 221105_21:14:02.099 ERROR GT_01_GetHLCS_15m_5m_1m_v2.py:1276 Après start thread...
(MainThread) 221105_21:14:02.100 ERROR GT_01_GetHLCS_15m_5m_1m_v2.py:1279 Dans start...
(MainThread) 221105_21:14:02.101 ERROR GT_01_GetHLCS_15m_5m_1m_v2.py:1353 Appel requete reqHistoricalData 15 mins...NASDAQ-miniIdReq=2
(Thread-2 (run_loop)) 221105_21:14:02.109 ERROR wrapper.py:56 ERROR -1 2104 La connexion de données de marché est OK:eufarm
(MainThread) 221105_21:14:02.112 ERROR GT_01_GetHLCS_15m_5m_1m_v2.py:1371 Appel requete reqHistoricalData 5 mins...NASDAQ-miniIdReq=3
(Thread-2 (run_loop)) 221105_21:14:02.112 ERROR wrapper.py:56 ERROR -1 2104 La connexion de données de marché est OK:eufarmnj
(Thread-2 (run_loop)) 221105_21:14:02.117 ERROR wrapper.py:56 ERROR -1 2106 La connexion de données HMDS est OK:euhmds
(Thread-2 (run_loop)) 221105_21:14:02.120 ERROR wrapper.py:56 ERROR -1 2106 La connexion de données HMDS est OK:fundfarm
(Thread-2 (run_loop)) 221105_21:14:02.123 ERROR wrapper.py:56 ERROR -1 2106 La connexion de données HMDS est OK:ushmds
(Thread-2 (run_loop)) 221105_21:14:02.126 ERROR wrapper.py:56 ERROR -1 2158 La connexion de la batterie de serveurs Sec-def est OK:secdefeu
(MainThread) 221105_21:14:02.129 ERROR GT_01_GetHLCS_15m_5m_1m_v2.py:1388 Appel requete reqHistoricalData 1 min...NASDAQ-miniIdReq=4
(Thread-2 (run_loop)) 221105_21:14:02.129 ERROR wrapper.py:56 ERROR 2 2174 Avertissement: You submitted request with date-time attributes without explicit time zone. Please switch to use yyyymmdd-hh:mm:ss in UTC or use instrument time zone, like US/Eastern. Implied time zone functionality will be removed in the next API release
(MainThread) 221105_21:14:02.142 ERROR GT_01_GetHLCS_15m_5m_1m_v2.py:1353 Appel requete reqHistoricalData 15 mins...NASDAQ-miniIdReq=6
(MainThread) 221105_21:14:02.152 ERROR GT_01_GetHLCS_15m_5m_1m_v2.py:1371 Appel requete reqHistoricalData 5 mins...NASDAQ-miniIdReq=7
(MainThread) 221105_21:14:02.161 ERROR GT_01_GetHLCS_15m_5m_1m_v2.py:1388 Appel requete reqHistoricalData 1 min...NASDAQ-miniIdReq=8
(MainThread) 221105_21:14:02.172 ERROR GT_01_GetHLCS_15m_5m_1m_v2.py:1353 Appel requete reqHistoricalData 15 mins...DOW-miniIdReq=10
(MainThread) 221105_21:14:02.183 ERROR GT_01_GetHLCS_15m_5m_1m_v2.py:1371 Appel requete reqHistoricalData 5 mins...DOW-miniIdReq=11
(MainThread) 221105_21:14:02.191 ERROR GT_01_GetHLCS_15m_5m_1m_v2.py:1388 Appel requete reqHistoricalData 1 min...DOW-miniIdReq=12
(MainThread) 221105_21:14:02.201 ERROR GT_01_GetHLCS_15m_5m_1m_v2.py:1353 Appel requete reqHistoricalData 15 mins...DOW-miniIdReq=14
(MainThread) 221105_21:14:02.213 ERROR GT_01_GetHLCS_15m_5m_1m_v2.py:1371 Appel requete reqHistoricalData 5 mins...DOW-miniIdReq=15
(MainThread) 221105_21:14:02.225 ERROR GT_01_GetHLCS_15m_5m_1m_v2.py:1388 Appel requete reqHistoricalData 1 min...DOW-miniIdReq=16
(MainThread) 221105_21:14:02.237 ERROR GT_01_GetHLCS_15m_5m_1m_v2.py:1353 Appel requete reqHistoricalData 15 mins...DAX-miniIdReq=18
(MainThread) 221105_21:14:02.252 ERROR GT_01_GetHLCS_15m_5m_1m_v2.py:1371 Appel requete reqHistoricalData 5 mins...DAX-miniIdReq=19
(MainThread) 221105_21:14:02.262 ERROR GT_01_GetHLCS_15m_5m_1m_v2.py:1388 Appel requete reqHistoricalData 1 min...DAX-miniIdReq=20
(MainThread) 221105_21:14:02.272 ERROR wrapper.py:56 ERROR 20 504 Not connected
(MainThread) 221105_21:14:02.273 ERROR GT_01_GetHLCS_15m_5m_1m_v2.py:1353 Appel requete reqHistoricalData 15 mins...DAX-miniIdReq=22
(MainThread) 221105_21:14:02.284 ERROR wrapper.py:56 ERROR 22 504 Not connected
(MainThread) 221105_21:14:02.285 ERROR GT_01_GetHLCS_15m_5m_1m_v2.py:1371 Appel requete reqHistoricalData 5 mins...DAX-miniIdReq=23
(MainThread) 221105_21:14:02.300 ERROR wrapper.py:56 ERROR 23 504 Not connected
(MainThread) 221105_21:14:02.301 ERROR GT_01_GetHLCS_15m_5m_1m_v2.py:1388 Appel requete reqHistoricalData 1 min...DAX-miniIdReq=24
(MainThread) 221105_21:14:02.318 ERROR wrapper.py:56 ERROR 24 504 Not connected
(MainThread) 221105_21:14:02.319 ERROR GT_01_GetHLCS_15m_5m_1m_v2.py:1417 Après lancement thread ib...
